<?xml version="1.0" encoding="UTF-8"?>
<!-- Generated by org.testng.reporters.JUnitReportReporter -->
<testsuite hostname="DESKTOP-9702HMC" failures="0" tests="1" name="TestAPI" time="4.467" errors="0" timestamp="2023-08-02T14:46:55 IST" skipped="0">
  <testcase classname="TestAPI" name="auth" time="4.467"/>
  <system-out/>
</testsuite> <!-- TestAPI -->
